-------------------------------------------------------------------------------
Test set: org.eclipse.jdt.ls.core.internal.handlers.DocumentSymbolHandlerTest
-------------------------------------------------------------------------------
Tests run: 9, Failures: 0, Errors: 0, Skipped: 0, Time elapsed: 13.082 s - in org.eclipse.jdt.ls.core.internal.handlers.DocumentSymbolHandlerTest
testDocumentSymbolHandler(org.eclipse.jdt.ls.core.internal.handlers.DocumentSymbolHandlerTest)  Time elapsed: 5.876 s
testSyntheticMember(org.eclipse.jdt.ls.core.internal.handlers.DocumentSymbolHandlerTest)  Time elapsed: 1.57 s
testTypes(org.eclipse.jdt.ls.core.internal.handlers.DocumentSymbolHandlerTest)  Time elapsed: 0.874 s
testDeprecated_property(org.eclipse.jdt.ls.core.internal.handlers.DocumentSymbolHandlerTest)  Time elapsed: 0.738 s
testSyntheticMember_hierarchical(org.eclipse.jdt.ls.core.internal.handlers.DocumentSymbolHandlerTest)  Time elapsed: 0.955 s
testTypes_hierarchical(org.eclipse.jdt.ls.core.internal.handlers.DocumentSymbolHandlerTest)  Time elapsed: 0.753 s
testDocumentSymbolHandler_hierarchical(org.eclipse.jdt.ls.core.internal.handlers.DocumentSymbolHandlerTest)  Time elapsed: 0.81 s
testSyntheticMember_hierarchical_noSourceAttached(org.eclipse.jdt.ls.core.internal.handlers.DocumentSymbolHandlerTest)  Time elapsed: 0.754 s
testDeprecated(org.eclipse.jdt.ls.core.internal.handlers.DocumentSymbolHandlerTest)  Time elapsed: 0.751 s
