-------------------------------------------------------------------------------
Test set: org.eclipse.jdt.ls.core.internal.handlers.CodeActionHandlerTest
-------------------------------------------------------------------------------
Tests run: 16, Failures: 0, Errors: 0, Skipped: 1, Time elapsed: 6.528 s - in org.eclipse.jdt.ls.core.internal.handlers.CodeActionHandlerTest
testCodeAction_exception(org.eclipse.jdt.ls.core.internal.handlers.CodeActionHandlerTest)  Time elapsed: 0.264 s
test_filterTypes(org.eclipse.jdt.ls.core.internal.handlers.CodeActionHandlerTest)  Time elapsed: 0.545 s
testCodeAction_customFileFormattingOptions(org.eclipse.jdt.ls.core.internal.handlers.CodeActionHandlerTest)  Time elapsed: 0.717 s
testCodeAction_superfluousSemicolon(org.eclipse.jdt.ls.core.internal.handlers.CodeActionHandlerTest) skipped
testCodeAction_sourceActionsOnly(org.eclipse.jdt.ls.core.internal.handlers.CodeActionHandlerTest)  Time elapsed: 0.241 s
testCodeAction_removeUnterminatedString(org.eclipse.jdt.ls.core.internal.handlers.CodeActionHandlerTest)  Time elapsed: 0.314 s
testCodeAction_refactorActionsOnly(org.eclipse.jdt.ls.core.internal.handlers.CodeActionHandlerTest)  Time elapsed: 0.946 s
testCodeAction_unimplementedMethodReference(org.eclipse.jdt.ls.core.internal.handlers.CodeActionHandlerTest)  Time elapsed: 0.403 s
testCodeAction_errorFromOtherSources(org.eclipse.jdt.ls.core.internal.handlers.CodeActionHandlerTest)  Time elapsed: 0.808 s
testCodeAction_ignoringOtherDiagnosticWithoutCode(org.eclipse.jdt.ls.core.internal.handlers.CodeActionHandlerTest)  Time elapsed: 0.235 s
testCodeAction_quickfixActionsOnly(org.eclipse.jdt.ls.core.internal.handlers.CodeActionHandlerTest)  Time elapsed: 0.26 s
testCodeAction_NPEInNewCUProposal(org.eclipse.jdt.ls.core.internal.handlers.CodeActionHandlerTest)  Time elapsed: 0.418 s
testCodeAction_allKindsOfActions(org.eclipse.jdt.ls.core.internal.handlers.CodeActionHandlerTest)  Time elapsed: 0.49 s
testCodeAction_removeUnusedImport(org.eclipse.jdt.ls.core.internal.handlers.CodeActionHandlerTest)  Time elapsed: 0.294 s
test_noUnnecessaryCodeActions(org.eclipse.jdt.ls.core.internal.handlers.CodeActionHandlerTest)  Time elapsed: 0.292 s
testCodeAction_organizeImportsSourceActionOnly(org.eclipse.jdt.ls.core.internal.handlers.CodeActionHandlerTest)  Time elapsed: 0.28 s
