-------------------------------------------------------------------------------
Test set: org.eclipse.jdt.ls.core.internal.handlers.ConfigurationHandlerTest
-------------------------------------------------------------------------------
Tests run: 1, Failures: 0, Errors: 0, Skipped: 0, Time elapsed: 0.022 s - in org.eclipse.jdt.ls.core.internal.handlers.ConfigurationHandlerTest
testGetConfigurationWhenItIsNotSupported(org.eclipse.jdt.ls.core.internal.handlers.ConfigurationHandlerTest)  Time elapsed: 0.022 s
