-------------------------------------------------------------------------------
Test set: org.eclipse.jdt.ls.core.internal.ChangeUtilTest
-------------------------------------------------------------------------------
Tests run: 4, Failures: 0, Errors: 0, Skipped: 0, Time elapsed: 0.287 s - in org.eclipse.jdt.ls.core.internal.ChangeUtilTest
testConvertSimpleCompositeChange(org.eclipse.jdt.ls.core.internal.ChangeUtilTest)  Time elapsed: 0.072 s
testConvertCompilationUnitChange(org.eclipse.jdt.ls.core.internal.ChangeUtilTest)  Time elapsed: 0.074 s
testConvertRenameCompilationUnitChange(org.eclipse.jdt.ls.core.internal.ChangeUtilTest)  Time elapsed: 0.071 s
testMergeChanges(org.eclipse.jdt.ls.core.internal.ChangeUtilTest)  Time elapsed: 0.069 s
