-------------------------------------------------------------------------------
Test set: org.eclipse.jdt.ls.core.internal.handlers.PrepareRenameHandlerTest
-------------------------------------------------------------------------------
Tests run: 15, Failures: 0, Errors: 0, Skipped: 0, Time elapsed: 1.988 s - in org.eclipse.jdt.ls.core.internal.handlers.PrepareRenameHandlerTest
testRenamePackage(org.eclipse.jdt.ls.core.internal.handlers.PrepareRenameHandlerTest)  Time elapsed: 0.13 s
testRenameTypeParameter(org.eclipse.jdt.ls.core.internal.handlers.PrepareRenameHandlerTest)  Time elapsed: 0.129 s
testRenameMiddleOfPackage(org.eclipse.jdt.ls.core.internal.handlers.PrepareRenameHandlerTest)  Time elapsed: 0.151 s
testRenameLambdaParameter(org.eclipse.jdt.ls.core.internal.handlers.PrepareRenameHandlerTest)  Time elapsed: 0.132 s
testRenameClassFile(org.eclipse.jdt.ls.core.internal.handlers.PrepareRenameHandlerTest)  Time elapsed: 0.118 s
testRenameBinaryPackage(org.eclipse.jdt.ls.core.internal.handlers.PrepareRenameHandlerTest)  Time elapsed: 0.162 s
testRenameFQCNClassFile(org.eclipse.jdt.ls.core.internal.handlers.PrepareRenameHandlerTest)  Time elapsed: 0.146 s
testRenameLocalVariable(org.eclipse.jdt.ls.core.internal.handlers.PrepareRenameHandlerTest)  Time elapsed: 0.126 s
testRenameField(org.eclipse.jdt.ls.core.internal.handlers.PrepareRenameHandlerTest)  Time elapsed: 0.125 s
testRenameParameter(org.eclipse.jdt.ls.core.internal.handlers.PrepareRenameHandlerTest)  Time elapsed: 0.125 s
testRenameMethod(org.eclipse.jdt.ls.core.internal.handlers.PrepareRenameHandlerTest)  Time elapsed: 0.12 s
testRenameTypeParameterInMethod(org.eclipse.jdt.ls.core.internal.handlers.PrepareRenameHandlerTest)  Time elapsed: 0.156 s
testRenameJavadoc(org.eclipse.jdt.ls.core.internal.handlers.PrepareRenameHandlerTest)  Time elapsed: 0.116 s
testRenameImportDeclaration(org.eclipse.jdt.ls.core.internal.handlers.PrepareRenameHandlerTest)  Time elapsed: 0.132 s
testRenameTypeWithResourceChanges(org.eclipse.jdt.ls.core.internal.handlers.PrepareRenameHandlerTest)  Time elapsed: 0.12 s
