-------------------------------------------------------------------------------
Test set: org.eclipse.jdt.ls.core.internal.handlers.CompletionHandlerTest
-------------------------------------------------------------------------------
Tests run: 113, Failures: 0, Errors: 0, Skipped: 3, Time elapsed: 38.905 s - in org.eclipse.jdt.ls.core.internal.handlers.CompletionHandlerTest
testCompletion_methodOverrideWithException(org.eclipse.jdt.ls.core.internal.handlers.CompletionHandlerTest)  Time elapsed: 0.41 s
testSnippet_ifnotnull(org.eclipse.jdt.ls.core.internal.handlers.CompletionHandlerTest)  Time elapsed: 0.332 s
testCompletion_method_withLSPV2(org.eclipse.jdt.ls.core.internal.handlers.CompletionHandlerTest)  Time elapsed: 0.32 s
testCompletion_method_withLSPV3(org.eclipse.jdt.ls.core.internal.handlers.CompletionHandlerTest)  Time elapsed: 0.321 s
testSnippet_inner_class(org.eclipse.jdt.ls.core.internal.handlers.CompletionHandlerTest)  Time elapsed: 0.216 s
testCompletion_import_type(org.eclipse.jdt.ls.core.internal.handlers.CompletionHandlerTest)  Time elapsed: 0.342 s
testCompletion_linksInMarkdown(org.eclipse.jdt.ls.core.internal.handlers.CompletionHandlerTest)  Time elapsed: 0.207 s
testSnippet_array_foreach(org.eclipse.jdt.ls.core.internal.handlers.CompletionHandlerTest)  Time elapsed: 0.305 s
testCompletion_additionalTextEdit(org.eclipse.jdt.ls.core.internal.handlers.CompletionHandlerTest)  Time elapsed: 0.444 s
testCompletion_interfaceMethodOverrideNoSnippet(org.eclipse.jdt.ls.core.internal.handlers.CompletionHandlerTest)  Time elapsed: 0.364 s
testCompletion_methodOverride(org.eclipse.jdt.ls.core.internal.handlers.CompletionHandlerTest)  Time elapsed: 0.395 s
testSnippet_list_foreach(org.eclipse.jdt.ls.core.internal.handlers.CompletionHandlerTest)  Time elapsed: 0.45 s
testCompletion_testClassesAvailableIntoTestCode(org.eclipse.jdt.ls.core.internal.handlers.CompletionHandlerTest)  Time elapsed: 0.334 s
testCompletion_method_guessMethodArgumentsConstructor(org.eclipse.jdt.ls.core.internal.handlers.CompletionHandlerTest)  Time elapsed: 0.772 s
testSnippet_nested_inner_record_nosnippet(org.eclipse.jdt.ls.core.internal.handlers.CompletionHandlerTest)  Time elapsed: 0.26 s
testCompletion_method_guessMethodArgumentsTrue(org.eclipse.jdt.ls.core.internal.handlers.CompletionHandlerTest)  Time elapsed: 0.352 s
testSnippet_interface_with_package(org.eclipse.jdt.ls.core.internal.handlers.CompletionHandlerTest)  Time elapsed: 0.214 s
testSnippet_context_javadoc(org.eclipse.jdt.ls.core.internal.handlers.CompletionHandlerTest)  Time elapsed: 0.209 s
testCompletion_javadoc(org.eclipse.jdt.ls.core.internal.handlers.CompletionHandlerTest)  Time elapsed: 1.177 s
testCompletion_InvalidJavadoc(org.eclipse.jdt.ls.core.internal.handlers.CompletionHandlerTest)  Time elapsed: 0.739 s
testCompletion_javadocCommentNoParam(org.eclipse.jdt.ls.core.internal.handlers.CompletionHandlerTest)  Time elapsed: 0.225 s
testCompletion_javadocCommentRecordNoSnippet(org.eclipse.jdt.ls.core.internal.handlers.CompletionHandlerTest)  Time elapsed: 0.853 s
testStarImports(org.eclipse.jdt.ls.core.internal.handlers.CompletionHandlerTest)  Time elapsed: 0.819 s
testCompletion_dataFieldURI(org.eclipse.jdt.ls.core.internal.handlers.CompletionHandlerTest)  Time elapsed: 0.323 s
testCompletion_javadocComment(org.eclipse.jdt.ls.core.internal.handlers.CompletionHandlerTest)  Time elapsed: 0.246 s
testCompletion_classMethodOverrideJava4(org.eclipse.jdt.ls.core.internal.handlers.CompletionHandlerTest)  Time elapsed: 0.45 s
testCompletion_classMethodOverrideJava5(org.eclipse.jdt.ls.core.internal.handlers.CompletionHandlerTest)  Time elapsed: 0.429 s
testSnippet_ifelse(org.eclipse.jdt.ls.core.internal.handlers.CompletionHandlerTest)  Time elapsed: 0.339 s
testSnippet_ifnull(org.eclipse.jdt.ls.core.internal.handlers.CompletionHandlerTest)  Time elapsed: 0.329 s
testCompletion_javadocCommentRecord(org.eclipse.jdt.ls.core.internal.handlers.CompletionHandlerTest)  Time elapsed: 0.726 s
testSnippet_array_fori(org.eclipse.jdt.ls.core.internal.handlers.CompletionHandlerTest)  Time elapsed: 0.406 s
testCompletion_Nullable(org.eclipse.jdt.ls.core.internal.handlers.CompletionHandlerTest)  Time elapsed: 0.395 s
testSnippet_with_public(org.eclipse.jdt.ls.core.internal.handlers.CompletionHandlerTest)  Time elapsed: 0.213 s
testSnippet_nested_inner_interface(org.eclipse.jdt.ls.core.internal.handlers.CompletionHandlerTest)  Time elapsed: 0.281 s
testSnippet_if(org.eclipse.jdt.ls.core.internal.handlers.CompletionHandlerTest)  Time elapsed: 0.371 s
testSnippet_if2(org.eclipse.jdt.ls.core.internal.handlers.CompletionHandlerTest)  Time elapsed: 0.285 s
testSnippet_record(org.eclipse.jdt.ls.core.internal.handlers.CompletionHandlerTest)  Time elapsed: 0.269 s
testCompletion_constructor(org.eclipse.jdt.ls.core.internal.handlers.CompletionHandlerTest)  Time elapsed: 0.657 s
testSnippet_syserr(org.eclipse.jdt.ls.core.internal.handlers.CompletionHandlerTest)  Time elapsed: 0.32 s
testSnippet_sysout(org.eclipse.jdt.ls.core.internal.handlers.CompletionHandlerTest)  Time elapsed: 0.332 s
testCompletion_method_guessMethodArguments2(org.eclipse.jdt.ls.core.internal.handlers.CompletionHandlerTest)  Time elapsed: 0.391 s
testCompletion_method_guessMethodArguments3(org.eclipse.jdt.ls.core.internal.handlers.CompletionHandlerTest)  Time elapsed: 0.326 s
testCompletion_import_package(org.eclipse.jdt.ls.core.internal.handlers.CompletionHandlerTest)  Time elapsed: 0.315 s
testLimitCompletionResults(org.eclipse.jdt.ls.core.internal.handlers.CompletionHandlerTest)  Time elapsed: 0.663 s
testSnippet_class_with_package(org.eclipse.jdt.ls.core.internal.handlers.CompletionHandlerTest)  Time elapsed: 0.215 s
testSnippet_context_package(org.eclipse.jdt.ls.core.internal.handlers.CompletionHandlerTest)  Time elapsed: 0.199 s
testCompletion_AnonymousTypeMoreMethods(org.eclipse.jdt.ls.core.internal.handlers.CompletionHandlerTest)  Time elapsed: 0.26 s
testCompletion_package(org.eclipse.jdt.ls.core.internal.handlers.CompletionHandlerTest)  Time elapsed: 0.224 s
testCompletion_resolveAdditionalTextEdits(org.eclipse.jdt.ls.core.internal.handlers.CompletionHandlerTest)  Time elapsed: 0.377 s
testCompletion_FilterTypesKeepMethods(org.eclipse.jdt.ls.core.internal.handlers.CompletionHandlerTest)  Time elapsed: 0.241 s
testSnippet_sibling_inner_record(org.eclipse.jdt.ls.core.internal.handlers.CompletionHandlerTest) skipped
testSnippet_interface(org.eclipse.jdt.ls.core.internal.handlers.CompletionHandlerTest)  Time elapsed: 0.231 s
testSnippet_inner_interface(org.eclipse.jdt.ls.core.internal.handlers.CompletionHandlerTest)  Time elapsed: 0.214 s
testCompletion_class_name_contains_$withoutSnippetSupport(org.eclipse.jdt.ls.core.internal.handlers.CompletionHandlerTest)  Time elapsed: 0.597 s
testCompletion_overwrite(org.eclipse.jdt.ls.core.internal.handlers.CompletionHandlerTest)  Time elapsed: 0.258 s
testCompletion_class_name_contains_$(org.eclipse.jdt.ls.core.internal.handlers.CompletionHandlerTest)  Time elapsed: 0.403 s
testSnippet_systrace(org.eclipse.jdt.ls.core.internal.handlers.CompletionHandlerTest)  Time elapsed: 0.323 s
testSnippet_no_record(org.eclipse.jdt.ls.core.internal.handlers.CompletionHandlerTest)  Time elapsed: 0.269 s
testCompletion_javadocCommentPartial(org.eclipse.jdt.ls.core.internal.handlers.CompletionHandlerTest)  Time elapsed: 0.211 s
testSnippet_nested_inner_interface_nosnippet(org.eclipse.jdt.ls.core.internal.handlers.CompletionHandlerTest)  Time elapsed: 0.3 s
testCompletion_AnonymousType(org.eclipse.jdt.ls.core.internal.handlers.CompletionHandlerTest)  Time elapsed: 0.281 s
testStaticImports1(org.eclipse.jdt.ls.core.internal.handlers.CompletionHandlerTest)  Time elapsed: 0.35 s
testStaticImports2(org.eclipse.jdt.ls.core.internal.handlers.CompletionHandlerTest)  Time elapsed: 0.341 s
testCompletion_Constant(org.eclipse.jdt.ls.core.internal.handlers.CompletionHandlerTest)  Time elapsed: 0.218 s
testSnippet_sibling_inner_interface(org.eclipse.jdt.ls.core.internal.handlers.CompletionHandlerTest)  Time elapsed: 0.195 s
testCompletion_javadocMarkdown(org.eclipse.jdt.ls.core.internal.handlers.CompletionHandlerTest)  Time elapsed: 1.165 s
testCompletion_noPackage(org.eclipse.jdt.ls.core.internal.handlers.CompletionHandlerTest)  Time elapsed: 0.294 s
testSnippet_context_static(org.eclipse.jdt.ls.core.internal.handlers.CompletionHandlerTest)  Time elapsed: 0.229 s
testCompletion_getter(org.eclipse.jdt.ls.core.internal.handlers.CompletionHandlerTest)  Time elapsed: 0.357 s
testCompletion_insert(org.eclipse.jdt.ls.core.internal.handlers.CompletionHandlerTest)  Time elapsed: 0.29 s
testCompletion_interfaceMethodOverride(org.eclipse.jdt.ls.core.internal.handlers.CompletionHandlerTest)  Time elapsed: 0.361 s
testCompletion_booleangetter(org.eclipse.jdt.ls.core.internal.handlers.CompletionHandlerTest)  Time elapsed: 0.329 s
testCompletion_object(org.eclipse.jdt.ls.core.internal.handlers.CompletionHandlerTest)  Time elapsed: 0.315 s
testSnippet_sibling_inner_class(org.eclipse.jdt.ls.core.internal.handlers.CompletionHandlerTest)  Time elapsed: 0.221 s
testCompletion_setter(org.eclipse.jdt.ls.core.internal.handlers.CompletionHandlerTest)  Time elapsed: 0.313 s
testCompletion_methodOverrideWithParams(org.eclipse.jdt.ls.core.internal.handlers.CompletionHandlerTest)  Time elapsed: 0.351 s
testCompletion_AnonymousDeclarationType_noSnippet(org.eclipse.jdt.ls.core.internal.handlers.CompletionHandlerTest)  Time elapsed: 0.237 s
testSnippet_ifelse2(org.eclipse.jdt.ls.core.internal.handlers.CompletionHandlerTest)  Time elapsed: 0.437 s
testCompletion_classMethodOverrideNoSnippet(org.eclipse.jdt.ls.core.internal.handlers.CompletionHandlerTest)  Time elapsed: 0.329 s
testCompletion_Enum(org.eclipse.jdt.ls.core.internal.handlers.CompletionHandlerTest)  Time elapsed: 0.322 s
testCompletion_type(org.eclipse.jdt.ls.core.internal.handlers.CompletionHandlerTest)  Time elapsed: 0.338 s
testSnippet_inner_record(org.eclipse.jdt.ls.core.internal.handlers.CompletionHandlerTest) skipped
testSnippet_dowhile(org.eclipse.jdt.ls.core.internal.handlers.CompletionHandlerTest)  Time elapsed: 0.337 s
testCompletion_ConstantDefaultValue(org.eclipse.jdt.ls.core.internal.handlers.CompletionHandlerTest)  Time elapsed: 0.26 s
testCompletion_javadocCommentNoSnippet(org.eclipse.jdt.ls.core.internal.handlers.CompletionHandlerTest)  Time elapsed: 0.197 s
testSnippet_context_method1(org.eclipse.jdt.ls.core.internal.handlers.CompletionHandlerTest)  Time elapsed: 0.283 s
testSnippet_context_method2(org.eclipse.jdt.ls.core.internal.handlers.CompletionHandlerTest)  Time elapsed: 0.375 s
testSnippet_context_method3(org.eclipse.jdt.ls.core.internal.handlers.CompletionHandlerTest)  Time elapsed: 0.222 s
testSnippet_record_with_package(org.eclipse.jdt.ls.core.internal.handlers.CompletionHandlerTest)  Time elapsed: 0.376 s
testSnippet_nested_inner_record(org.eclipse.jdt.ls.core.internal.handlers.CompletionHandlerTest) skipped
testCompletion_AnonymousDeclarationType(org.eclipse.jdt.ls.core.internal.handlers.CompletionHandlerTest)  Time elapsed: 0.231 s
testCompletion_import_static(org.eclipse.jdt.ls.core.internal.handlers.CompletionHandlerTest)  Time elapsed: 0.228 s
testSnippet_class(org.eclipse.jdt.ls.core.internal.handlers.CompletionHandlerTest)  Time elapsed: 0.193 s
testSnippet_while(org.eclipse.jdt.ls.core.internal.handlers.CompletionHandlerTest)  Time elapsed: 0.324 s
testCompletion_testClassesDontLeakIntoMainCode(org.eclipse.jdt.ls.core.internal.handlers.CompletionHandlerTest)  Time elapsed: 0.288 s
testCompletion_Deprecated(org.eclipse.jdt.ls.core.internal.handlers.CompletionHandlerTest)  Time elapsed: 0.565 s
testCompletion_javadocOriginal(org.eclipse.jdt.ls.core.internal.handlers.CompletionHandlerTest)  Time elapsed: 0.266 s
testSnippet_sibling_inner_class_nosnippets(org.eclipse.jdt.ls.core.internal.handlers.CompletionHandlerTest)  Time elapsed: 0.214 s
testCompletion_FilterTypes(org.eclipse.jdt.ls.core.internal.handlers.CompletionHandlerTest)  Time elapsed: 0.491 s
testCompletion_field(org.eclipse.jdt.ls.core.internal.handlers.CompletionHandlerTest)  Time elapsed: 0.201 s
testCompletion_interfaceMethodOverrideJava4(org.eclipse.jdt.ls.core.internal.handlers.CompletionHandlerTest)  Time elapsed: 0.367 s
testCompletion_interfaceMethodOverrideJava5(org.eclipse.jdt.ls.core.internal.handlers.CompletionHandlerTest)  Time elapsed: 0.364 s
testCompletion_method_guessMethodArgumentsFalse(org.eclipse.jdt.ls.core.internal.handlers.CompletionHandlerTest)  Time elapsed: 0.388 s
testCompletion_testMethodWithParams(org.eclipse.jdt.ls.core.internal.handlers.CompletionHandlerTest)  Time elapsed: 0.37 s
testCompletion_AnonymousDeclarationType2(org.eclipse.jdt.ls.core.internal.handlers.CompletionHandlerTest)  Time elapsed: 0.232 s
testCompletion_AnonymousDeclarationType3(org.eclipse.jdt.ls.core.internal.handlers.CompletionHandlerTest)  Time elapsed: 0.369 s
testCompletion_AnonymousDeclarationType4(org.eclipse.jdt.ls.core.internal.handlers.CompletionHandlerTest)  Time elapsed: 0.24 s
testCompletion_AnonymousDeclarationType5(org.eclipse.jdt.ls.core.internal.handlers.CompletionHandlerTest)  Time elapsed: 0.262 s
testCompletion_javadocCommentRegular(org.eclipse.jdt.ls.core.internal.handlers.CompletionHandlerTest)  Time elapsed: 0.219 s
testCompletion_nojavadoc(org.eclipse.jdt.ls.core.internal.handlers.CompletionHandlerTest)  Time elapsed: 0.323 s
testCompletion_getterNoJavadoc(org.eclipse.jdt.ls.core.internal.handlers.CompletionHandlerTest)  Time elapsed: 0.319 s
testCompletion_Deprecated_property(org.eclipse.jdt.ls.core.internal.handlers.CompletionHandlerTest)  Time elapsed: 0.312 s
testSnippet_nested_inner_class(org.eclipse.jdt.ls.core.internal.handlers.CompletionHandlerTest)  Time elapsed: 0.366 s
