-------------------------------------------------------------------------------
Test set: org.eclipse.jdt.ls.core.internal.refactoring.InvertVariableTest
-------------------------------------------------------------------------------
Tests run: 3, Failures: 0, Errors: 0, Skipped: 0, Time elapsed: 2.142 s - in org.eclipse.jdt.ls.core.internal.refactoring.InvertVariableTest
testRemovingNotPrefixWhenInvertVariable(org.eclipse.jdt.ls.core.internal.refactoring.InvertVariableTest)  Time elapsed: 0.696 s
testComplexInvertVariable(org.eclipse.jdt.ls.core.internal.refactoring.InvertVariableTest)  Time elapsed: 0.737 s
testAddingNotPrefixWhenInvertVariable(org.eclipse.jdt.ls.core.internal.refactoring.InvertVariableTest)  Time elapsed: 0.708 s
