-------------------------------------------------------------------------------
Test set: org.eclipse.jdt.ls.core.internal.handlers.ResolveSourceMappingHandlerTest
-------------------------------------------------------------------------------
Tests run: 3, Failures: 0, Errors: 0, Skipped: 0, Time elapsed: 3.835 s - in org.eclipse.jdt.ls.core.internal.handlers.ResolveSourceMappingHandlerTest
testResolveDependencyUri(org.eclipse.jdt.ls.core.internal.handlers.ResolveSourceMappingHandlerTest)  Time elapsed: 2.967 s
testResolveDependencyUriWithoutGivingProjectNames(org.eclipse.jdt.ls.core.internal.handlers.ResolveSourceMappingHandlerTest)  Time elapsed: 0.484 s
testResolveSourceUri(org.eclipse.jdt.ls.core.internal.handlers.ResolveSourceMappingHandlerTest)  Time elapsed: 0.383 s
