-------------------------------------------------------------------------------
Test set: org.eclipse.jdt.ls.core.internal.CancellableProgressMonitorTest
-------------------------------------------------------------------------------
Tests run: 2, Failures: 0, Errors: 0, Skipped: 0, Time elapsed: 0.008 s - in org.eclipse.jdt.ls.core.internal.CancellableProgressMonitorTest
testCancelled(org.eclipse.jdt.ls.core.internal.CancellableProgressMonitorTest)  Time elapsed: 0.006 s
testNotCancelled(org.eclipse.jdt.ls.core.internal.CancellableProgressMonitorTest)  Time elapsed: 0.002 s
