-------------------------------------------------------------------------------
Test set: org.eclipse.jdt.ls.core.internal.handlers.WorkspaceFolderChangeHandlerTest
-------------------------------------------------------------------------------
Tests run: 1, Failures: 0, Errors: 0, Skipped: 0, Time elapsed: 0.475 s - in org.eclipse.jdt.ls.core.internal.handlers.WorkspaceFolderChangeHandlerTest
testUpdateWorkspaceFolder(org.eclipse.jdt.ls.core.internal.handlers.WorkspaceFolderChangeHandlerTest)  Time elapsed: 0.475 s
