-------------------------------------------------------------------------------
Test set: org.eclipse.jdt.ls.core.internal.StatusFactoryTest
-------------------------------------------------------------------------------
Tests run: 2, Failures: 0, Errors: 0, Skipped: 0, Time elapsed: 0.001 s - in org.eclipse.jdt.ls.core.internal.StatusFactoryTest
testNewErrorStatusString(org.eclipse.jdt.ls.core.internal.StatusFactoryTest)  Time elapsed: 0.001 s
testNewErrorStatusStringThrowable(org.eclipse.jdt.ls.core.internal.StatusFactoryTest)  Time elapsed: 0 s
