-------------------------------------------------------------------------------
Test set: org.eclipse.jdt.ls.core.internal.handlers.JDTLanguageServerTest
-------------------------------------------------------------------------------
Tests run: 3, Failures: 0, Errors: 0, Skipped: 0, Time elapsed: 0.084 s - in org.eclipse.jdt.ls.core.internal.handlers.JDTLanguageServerTest
testAutobuilding(org.eclipse.jdt.ls.core.internal.handlers.JDTLanguageServerTest)  Time elapsed: 0.047 s
testRegisterDynamicCapabilities(org.eclipse.jdt.ls.core.internal.handlers.JDTLanguageServerTest)  Time elapsed: 0.021 s
testNoDynamicCapabilities(org.eclipse.jdt.ls.core.internal.handlers.JDTLanguageServerTest)  Time elapsed: 0.016 s
