-------------------------------------------------------------------------------
Test set: org.eclipse.jdt.ls.core.internal.refactoring.InferSelectionHandlerTest
-------------------------------------------------------------------------------
Tests run: 4, Failures: 0, Errors: 0, Skipped: 0, Time elapsed: 0.503 s - in org.eclipse.jdt.ls.core.internal.refactoring.InferSelectionHandlerTest
testInferSelectionWhenExtractVariable(org.eclipse.jdt.ls.core.internal.refactoring.InferSelectionHandlerTest)  Time elapsed: 0.135 s
testInferSelectionWhenExtractConstant(org.eclipse.jdt.ls.core.internal.refactoring.InferSelectionHandlerTest)  Time elapsed: 0.126 s
testInferSelectionWhenExtractField(org.eclipse.jdt.ls.core.internal.refactoring.InferSelectionHandlerTest)  Time elapsed: 0.122 s
testInferSelectionWhenExtractMethod(org.eclipse.jdt.ls.core.internal.refactoring.InferSelectionHandlerTest)  Time elapsed: 0.119 s
