-------------------------------------------------------------------------------
Test set: org.eclipse.jdt.ls.core.internal.correction.TypeMismatchQuickFixTest
-------------------------------------------------------------------------------
Tests run: 45, Failures: 0, Errors: 0, Skipped: 2, Time elapsed: 7.464 s - in org.eclipse.jdt.ls.core.internal.correction.TypeMismatchQuickFixTest
testTypeMismatchInAssignment2(org.eclipse.jdt.ls.core.internal.correction.TypeMismatchQuickFixTest)  Time elapsed: 0.167 s
testTypeMismatchInAssignment3(org.eclipse.jdt.ls.core.internal.correction.TypeMismatchQuickFixTest)  Time elapsed: 0.166 s
testTypeMismatchInForEachProposalsList(org.eclipse.jdt.ls.core.internal.correction.TypeMismatchQuickFixTest)  Time elapsed: 0.163 s
testTypeMismatchInForEachMissingType(org.eclipse.jdt.ls.core.internal.correction.TypeMismatchQuickFixTest)  Time elapsed: 0.496 s
testCastOnCastExpression(org.eclipse.jdt.ls.core.internal.correction.TypeMismatchQuickFixTest)  Time elapsed: 0.148 s
testTypeMismatchForInterfaceInGeneric(org.eclipse.jdt.ls.core.internal.correction.TypeMismatchQuickFixTest)  Time elapsed: 0.21 s
testMismatchingReturnTypeOnWildcardSuper(org.eclipse.jdt.ls.core.internal.correction.TypeMismatchQuickFixTest)  Time elapsed: 0.142 s
testMismatchingExceptionsOnGeneric(org.eclipse.jdt.ls.core.internal.correction.TypeMismatchQuickFixTest)  Time elapsed: 0.141 s
testTypeMismatchInForEachProposalsListExtends(org.eclipse.jdt.ls.core.internal.correction.TypeMismatchQuickFixTest)  Time elapsed: 0.144 s
testMismatchingReturnTypeOnGeneric2(org.eclipse.jdt.ls.core.internal.correction.TypeMismatchQuickFixTest)  Time elapsed: 0.144 s
testTypeMismatchPrimitiveTypes(org.eclipse.jdt.ls.core.internal.correction.TypeMismatchQuickFixTest)  Time elapsed: 0.159 s
testTypeMismatchInFieldDecl(org.eclipse.jdt.ls.core.internal.correction.TypeMismatchQuickFixTest)  Time elapsed: 0.161 s
testTypeMismatchWithArrayLength(org.eclipse.jdt.ls.core.internal.correction.TypeMismatchQuickFixTest)  Time elapsed: 0.153 s
testMismatchingReturnTypeOnGenericMethod14(org.eclipse.jdt.ls.core.internal.correction.TypeMismatchQuickFixTest)  Time elapsed: 0.137 s
testTypeMismatchForInterfaceInGeneric2(org.eclipse.jdt.ls.core.internal.correction.TypeMismatchQuickFixTest)  Time elapsed: 0.171 s
testMismatchingExceptions1(org.eclipse.jdt.ls.core.internal.correction.TypeMismatchQuickFixTest)  Time elapsed: 0.141 s
testMismatchingExceptions2(org.eclipse.jdt.ls.core.internal.correction.TypeMismatchQuickFixTest)  Time elapsed: 0.151 s
testMismatchingExceptions3(org.eclipse.jdt.ls.core.internal.correction.TypeMismatchQuickFixTest)  Time elapsed: 0.179 s
testTypeMismatchInAssignment(org.eclipse.jdt.ls.core.internal.correction.TypeMismatchQuickFixTest)  Time elapsed: 0.178 s
testTypeMismatchInAnnotationValues1(org.eclipse.jdt.ls.core.internal.correction.TypeMismatchQuickFixTest)  Time elapsed: 0.125 s
testTypeMismatchInAnnotationValues2(org.eclipse.jdt.ls.core.internal.correction.TypeMismatchQuickFixTest)  Time elapsed: 0.148 s
testMismatchingReturnTypeOnGeneric(org.eclipse.jdt.ls.core.internal.correction.TypeMismatchQuickFixTest)  Time elapsed: 0.158 s
testMismatchingReturnType1(org.eclipse.jdt.ls.core.internal.correction.TypeMismatchQuickFixTest)  Time elapsed: 0.145 s
testMismatchingReturnType2(org.eclipse.jdt.ls.core.internal.correction.TypeMismatchQuickFixTest)  Time elapsed: 0.147 s
testTypeMismatchInVarDecl(org.eclipse.jdt.ls.core.internal.correction.TypeMismatchQuickFixTest)  Time elapsed: 0.164 s
testMismatchingReturnTypeParameterized(org.eclipse.jdt.ls.core.internal.correction.TypeMismatchQuickFixTest)  Time elapsed: 0.149 s
testTypeMismatchForParameterizedType2(org.eclipse.jdt.ls.core.internal.correction.TypeMismatchQuickFixTest)  Time elapsed: 0.674 s
testMismatchingReturnTypeOnWildcardExtends(org.eclipse.jdt.ls.core.internal.correction.TypeMismatchQuickFixTest)  Time elapsed: 0.195 s
testTypeMismatchWithEnumConstant(org.eclipse.jdt.ls.core.internal.correction.TypeMismatchQuickFixTest)  Time elapsed: 0.162 s
testMismatchingExceptionsOnBinaryParent(org.eclipse.jdt.ls.core.internal.correction.TypeMismatchQuickFixTest)  Time elapsed: 0.131 s
testTypeMismatchInExpression(org.eclipse.jdt.ls.core.internal.correction.TypeMismatchQuickFixTest)  Time elapsed: 0.141 s
testTypeMismatchInForEachProposalsListSuper(org.eclipse.jdt.ls.core.internal.correction.TypeMismatchQuickFixTest)  Time elapsed: 0.137 s
testTypeMismatchInSingleMemberAnnotation(org.eclipse.jdt.ls.core.internal.correction.TypeMismatchQuickFixTest)  Time elapsed: 0.139 s
testNullCheck(org.eclipse.jdt.ls.core.internal.correction.TypeMismatchQuickFixTest)  Time elapsed: 0.139 s
testTypeMismatchInVarDecl2(org.eclipse.jdt.ls.core.internal.correction.TypeMismatchQuickFixTest)  Time elapsed: 0.181 s
testTypeMismatchInVarDecl3(org.eclipse.jdt.ls.core.internal.correction.TypeMismatchQuickFixTest)  Time elapsed: 0.152 s
testTypeMismatchInVarDecl4(org.eclipse.jdt.ls.core.internal.correction.TypeMismatchQuickFixTest)  Time elapsed: 0.151 s
testTypeMismatchWithTypeInSamePackage(org.eclipse.jdt.ls.core.internal.correction.TypeMismatchQuickFixTest)  Time elapsed: 0.142 s
testTypeMismatchInFieldDeclNoImport(org.eclipse.jdt.ls.core.internal.correction.TypeMismatchQuickFixTest)  Time elapsed: 0.13 s
testTypeMismatchForInterface1(org.eclipse.jdt.ls.core.internal.correction.TypeMismatchQuickFixTest)  Time elapsed: 0.168 s
testTypeMismatchForInterface2(org.eclipse.jdt.ls.core.internal.correction.TypeMismatchQuickFixTest) skipped
testTypeMismatchInForEachProposalsArrays(org.eclipse.jdt.ls.core.internal.correction.TypeMismatchQuickFixTest)  Time elapsed: 0.137 s
testTypeMismatchObjectAndPrimitiveType(org.eclipse.jdt.ls.core.internal.correction.TypeMismatchQuickFixTest)  Time elapsed: 0.175 s
testMismatchingReturnTypeOnGenericMethod(org.eclipse.jdt.ls.core.internal.correction.TypeMismatchQuickFixTest)  Time elapsed: 0.122 s
testTypeMismatchForParameterizedType(org.eclipse.jdt.ls.core.internal.correction.TypeMismatchQuickFixTest) skipped
