-------------------------------------------------------------------------------
Test set: org.eclipse.jdt.ls.core.internal.correction.StaticImportQuickAssistTest
-------------------------------------------------------------------------------
Tests run: 2, Failures: 0, Errors: 0, Skipped: 0, Time elapsed: 0.931 s - in org.eclipse.jdt.ls.core.internal.correction.StaticImportQuickAssistTest
testConvertToStaticMethodImport(org.eclipse.jdt.ls.core.internal.correction.StaticImportQuickAssistTest)  Time elapsed: 0.397 s
testConvertToStaticFieldImport(org.eclipse.jdt.ls.core.internal.correction.StaticImportQuickAssistTest)  Time elapsed: 0.533 s
