-------------------------------------------------------------------------------
Test set: org.eclipse.jdt.ls.core.internal.handlers.BuildWorkspaceHandlerTest
-------------------------------------------------------------------------------
Tests run: 5, Failures: 0, Errors: 0, Skipped: 0, Time elapsed: 3.214 s - in org.eclipse.jdt.ls.core.internal.handlers.BuildWorkspaceHandlerTest
testCanceledCase(org.eclipse.jdt.ls.core.internal.handlers.BuildWorkspaceHandlerTest)  Time elapsed: 0.873 s
testFailedCase(org.eclipse.jdt.ls.core.internal.handlers.BuildWorkspaceHandlerTest)  Time elapsed: 0.4 s
testParallelBuildSupport(org.eclipse.jdt.ls.core.internal.handlers.BuildWorkspaceHandlerTest)  Time elapsed: 0.873 s
testParallelBuildForEclipseProjects(org.eclipse.jdt.ls.core.internal.handlers.BuildWorkspaceHandlerTest)  Time elapsed: 0.475 s
testSucceedCase(org.eclipse.jdt.ls.core.internal.handlers.BuildWorkspaceHandlerTest)  Time elapsed: 0.368 s
