-------------------------------------------------------------------------------
Test set: org.eclipse.jdt.ls.core.internal.ResourceUtilsTest
-------------------------------------------------------------------------------
Tests run: 2, Failures: 0, Errors: 0, Skipped: 0, Time elapsed: 0 s - in org.eclipse.jdt.ls.core.internal.ResourceUtilsTest
testGetLongestCommonPath(org.eclipse.jdt.ls.core.internal.ResourceUtilsTest)  Time elapsed: 0 s
testToGlobPattern(org.eclipse.jdt.ls.core.internal.ResourceUtilsTest)  Time elapsed: 0 s
