-------------------------------------------------------------------------------
Test set: org.eclipse.jdt.ls.core.internal.handlers.GenerateToStringActionTest
-------------------------------------------------------------------------------
Tests run: 4, Failures: 0, Errors: 0, Skipped: 0, Time elapsed: 1.331 s - in org.eclipse.jdt.ls.core.internal.handlers.GenerateToStringActionTest
testGenerateToStringEnabled(org.eclipse.jdt.ls.core.internal.handlers.GenerateToStringActionTest)  Time elapsed: 0.363 s
testGenerateToStringDisabled_enum(org.eclipse.jdt.ls.core.internal.handlers.GenerateToStringActionTest)  Time elapsed: 0.316 s
testGenerateToStringDisabled_interface(org.eclipse.jdt.ls.core.internal.handlers.GenerateToStringActionTest)  Time elapsed: 0.301 s
testGenerateToStringEnabled_emptyFields(org.eclipse.jdt.ls.core.internal.handlers.GenerateToStringActionTest)  Time elapsed: 0.35 s
