-------------------------------------------------------------------------------
Test set: org.eclipse.jdt.ls.core.internal.handlers.SelectionRangeHandlerTest
-------------------------------------------------------------------------------
Tests run: 5, Failures: 0, Errors: 0, Skipped: 0, Time elapsed: 4 s - in org.eclipse.jdt.ls.core.internal.handlers.SelectionRangeHandlerTest
testStringLiteral(org.eclipse.jdt.ls.core.internal.handlers.SelectionRangeHandlerTest)  Time elapsed: 0.984 s
testParamList(org.eclipse.jdt.ls.core.internal.handlers.SelectionRangeHandlerTest)  Time elapsed: 0.81 s
testComments(org.eclipse.jdt.ls.core.internal.handlers.SelectionRangeHandlerTest)  Time elapsed: 0.744 s
testSwitch(org.eclipse.jdt.ls.core.internal.handlers.SelectionRangeHandlerTest)  Time elapsed: 0.72 s
testJavadoc(org.eclipse.jdt.ls.core.internal.handlers.SelectionRangeHandlerTest)  Time elapsed: 0.742 s
