-------------------------------------------------------------------------------
Test set: org.eclipse.jdt.ls.core.internal.correction.UnresolvedMethodsQuickFixTest
-------------------------------------------------------------------------------
Tests run: 91, Failures: 0, Errors: 0, Skipped: 1, Time elapsed: 16.361 s - in org.eclipse.jdt.ls.core.internal.correction.UnresolvedMethodsQuickFixTest
testConstructorInvocationMoreArguments(org.eclipse.jdt.ls.core.internal.correction.UnresolvedMethodsQuickFixTest)  Time elapsed: 0.172 s
testSuperConstructor(org.eclipse.jdt.ls.core.internal.correction.UnresolvedMethodsQuickFixTest)  Time elapsed: 0.205 s
testMethodSpacingComment(org.eclipse.jdt.ls.core.internal.correction.UnresolvedMethodsQuickFixTest)  Time elapsed: 0.187 s
testMethodInDifferentClass(org.eclipse.jdt.ls.core.internal.correction.UnresolvedMethodsQuickFixTest)  Time elapsed: 0.173 s
testClassInstanceCreationMoreArgumentsInGenericType(org.eclipse.jdt.ls.core.internal.correction.UnresolvedMethodsQuickFixTest)  Time elapsed: 0.197 s
testMethodInSameTypeUsingThis(org.eclipse.jdt.ls.core.internal.correction.UnresolvedMethodsQuickFixTest)  Time elapsed: 0.166 s
testMethodInAnonymousGenericType(org.eclipse.jdt.ls.core.internal.correction.UnresolvedMethodsQuickFixTest)  Time elapsed: 0.176 s
testSuperMethodMoreArguments(org.eclipse.jdt.ls.core.internal.correction.UnresolvedMethodsQuickFixTest)  Time elapsed: 0.182 s
testMethodSpacing1EmptyLine(org.eclipse.jdt.ls.core.internal.correction.UnresolvedMethodsQuickFixTest)  Time elapsed: 0.167 s
testIncompleteThrowsStatement(org.eclipse.jdt.ls.core.internal.correction.UnresolvedMethodsQuickFixTest)  Time elapsed: 0.183 s
testParameterMismatchChangeMethodTypeInGeneric(org.eclipse.jdt.ls.core.internal.correction.UnresolvedMethodsQuickFixTest)  Time elapsed: 0.179 s
testClassInstanceCreationLessArguments(org.eclipse.jdt.ls.core.internal.correction.UnresolvedMethodsQuickFixTest)  Time elapsed: 0.185 s
testParameterMismatchWithVarArgs(org.eclipse.jdt.ls.core.internal.correction.UnresolvedMethodsQuickFixTest)  Time elapsed: 0.188 s
testConstructorInvocationMoreArguments2(org.eclipse.jdt.ls.core.internal.correction.UnresolvedMethodsQuickFixTest)  Time elapsed: 0.152 s
testParameterMismatchChangeMethodTypeBug102142(org.eclipse.jdt.ls.core.internal.correction.UnresolvedMethodsQuickFixTest)  Time elapsed: 0.205 s
testMethodInForInit(org.eclipse.jdt.ls.core.internal.correction.UnresolvedMethodsQuickFixTest)  Time elapsed: 0.169 s
testParameterMismatchCast2(org.eclipse.jdt.ls.core.internal.correction.UnresolvedMethodsQuickFixTest)  Time elapsed: 0.183 s
testClassInstanceCreation2(org.eclipse.jdt.ls.core.internal.correction.UnresolvedMethodsQuickFixTest)  Time elapsed: 0.208 s
testParameterMismatchWithExtraDimensions(org.eclipse.jdt.ls.core.internal.correction.UnresolvedMethodsQuickFixTest)  Time elapsed: 0.179 s
testParameterMismatchSwap2(org.eclipse.jdt.ls.core.internal.correction.UnresolvedMethodsQuickFixTest)  Time elapsed: 0.21 s
testConstructorInvocationInGenericType(org.eclipse.jdt.ls.core.internal.correction.UnresolvedMethodsQuickFixTest)  Time elapsed: 0.156 s
testParameterMismatchLessArguments(org.eclipse.jdt.ls.core.internal.correction.UnresolvedMethodsQuickFixTest)  Time elapsed: 0.163 s
testParameterMismatchMoreArgumentsInGeneric(org.eclipse.jdt.ls.core.internal.correction.UnresolvedMethodsQuickFixTest)  Time elapsed: 0.183 s
testAbstractMethodInInterface(org.eclipse.jdt.ls.core.internal.correction.UnresolvedMethodsQuickFixTest)  Time elapsed: 0.171 s
testMethodInAnonymousCovering1(org.eclipse.jdt.ls.core.internal.correction.UnresolvedMethodsQuickFixTest)  Time elapsed: 0.157 s
testMethodInAnonymousCovering2(org.eclipse.jdt.ls.core.internal.correction.UnresolvedMethodsQuickFixTest)  Time elapsed: 0.142 s
testMethodInAnonymousCovering3(org.eclipse.jdt.ls.core.internal.correction.UnresolvedMethodsQuickFixTest)  Time elapsed: 0.187 s
testMethodInAnonymousCovering4(org.eclipse.jdt.ls.core.internal.correction.UnresolvedMethodsQuickFixTest)  Time elapsed: 0.189 s
testMethodInSameType(org.eclipse.jdt.ls.core.internal.correction.UnresolvedMethodsQuickFixTest)  Time elapsed: 0.17 s
testParameterMismatchChangeMethodType(org.eclipse.jdt.ls.core.internal.correction.UnresolvedMethodsQuickFixTest)  Time elapsed: 0.19 s
testParameterMismatchKeepModifiers(org.eclipse.jdt.ls.core.internal.correction.UnresolvedMethodsQuickFixTest)  Time elapsed: 0.202 s
testIndirectProtectedMethod(org.eclipse.jdt.ls.core.internal.correction.UnresolvedMethodsQuickFixTest) skipped
testMethodInArrayAccess(org.eclipse.jdt.ls.core.internal.correction.UnresolvedMethodsQuickFixTest)  Time elapsed: 0.157 s
testParameterMismatchSwapInGenericType(org.eclipse.jdt.ls.core.internal.correction.UnresolvedMethodsQuickFixTest)  Time elapsed: 0.456 s
testParameterMismatchCastBoxing(org.eclipse.jdt.ls.core.internal.correction.UnresolvedMethodsQuickFixTest)  Time elapsed: 0.195 s
testClassInstanceCreation(org.eclipse.jdt.ls.core.internal.correction.UnresolvedMethodsQuickFixTest)  Time elapsed: 0.178 s
testMissingCastParents1(org.eclipse.jdt.ls.core.internal.correction.UnresolvedMethodsQuickFixTest)  Time elapsed: 0.189 s
testMissingCastParents2(org.eclipse.jdt.ls.core.internal.correction.UnresolvedMethodsQuickFixTest)  Time elapsed: 0.189 s
testMissingCastParents3(org.eclipse.jdt.ls.core.internal.correction.UnresolvedMethodsQuickFixTest)  Time elapsed: 0.202 s
testMethodInInfixExpression1(org.eclipse.jdt.ls.core.internal.correction.UnresolvedMethodsQuickFixTest)  Time elapsed: 0.261 s
testMethodInInfixExpression2(org.eclipse.jdt.ls.core.internal.correction.UnresolvedMethodsQuickFixTest)  Time elapsed: 0.195 s
testArrayAccess(org.eclipse.jdt.ls.core.internal.correction.UnresolvedMethodsQuickFixTest)  Time elapsed: 0.157 s
testMethodSpacingJavadoc(org.eclipse.jdt.ls.core.internal.correction.UnresolvedMethodsQuickFixTest)  Time elapsed: 0.187 s
testParameterMismatchLessArgumentsInGeneric(org.eclipse.jdt.ls.core.internal.correction.UnresolvedMethodsQuickFixTest)  Time elapsed: 0.24 s
testSuperMethodInvocation(org.eclipse.jdt.ls.core.internal.correction.UnresolvedMethodsQuickFixTest)  Time elapsed: 0.183 s
testParameterAnonymous(org.eclipse.jdt.ls.core.internal.correction.UnresolvedMethodsQuickFixTest)  Time elapsed: 0.155 s
testMethodAssignedFromWildcard1(org.eclipse.jdt.ls.core.internal.correction.UnresolvedMethodsQuickFixTest)  Time elapsed: 0.185 s
testMethodAssignedFromWildcard2(org.eclipse.jdt.ls.core.internal.correction.UnresolvedMethodsQuickFixTest)  Time elapsed: 0.168 s
testClassInstanceCreationMoreArguments(org.eclipse.jdt.ls.core.internal.correction.UnresolvedMethodsQuickFixTest)  Time elapsed: 0.163 s
testSuperConstructorLessArguments(org.eclipse.jdt.ls.core.internal.correction.UnresolvedMethodsQuickFixTest)  Time elapsed: 0.188 s
testMethodSpacing0EmptyLines(org.eclipse.jdt.ls.core.internal.correction.UnresolvedMethodsQuickFixTest)  Time elapsed: 0.162 s
testMethodInGenericTypeSameCU(org.eclipse.jdt.ls.core.internal.correction.UnresolvedMethodsQuickFixTest)  Time elapsed: 0.208 s
testConstructorInvocationLessArgumentsInGenericType(org.eclipse.jdt.ls.core.internal.correction.UnresolvedMethodsQuickFixTest)  Time elapsed: 0.164 s
testConstructorInvocation(org.eclipse.jdt.ls.core.internal.correction.UnresolvedMethodsQuickFixTest)  Time elapsed: 0.17 s
testParameterMismatchCast(org.eclipse.jdt.ls.core.internal.correction.UnresolvedMethodsQuickFixTest)  Time elapsed: 0.16 s
testParameterMismatchSwap(org.eclipse.jdt.ls.core.internal.correction.UnresolvedMethodsQuickFixTest)  Time elapsed: 0.214 s
testMethodSpacingNonJavadoc(org.eclipse.jdt.ls.core.internal.correction.UnresolvedMethodsQuickFixTest)  Time elapsed: 0.169 s
testStaticMethodInInterface1(org.eclipse.jdt.ls.core.internal.correction.UnresolvedMethodsQuickFixTest)  Time elapsed: 0.161 s
testStaticMethodInInterface2(org.eclipse.jdt.ls.core.internal.correction.UnresolvedMethodsQuickFixTest)  Time elapsed: 0.147 s
testStaticMethodInInterface3(org.eclipse.jdt.ls.core.internal.correction.UnresolvedMethodsQuickFixTest)  Time elapsed: 0.192 s
testStaticMethodInInterface4(org.eclipse.jdt.ls.core.internal.correction.UnresolvedMethodsQuickFixTest)  Time elapsed: 0.177 s
testParameterMismatchMoreArguments(org.eclipse.jdt.ls.core.internal.correction.UnresolvedMethodsQuickFixTest)  Time elapsed: 0.193 s
testMethodInRawType(org.eclipse.jdt.ls.core.internal.correction.UnresolvedMethodsQuickFixTest)  Time elapsed: 0.178 s
testMethodInDifferentInterface(org.eclipse.jdt.ls.core.internal.correction.UnresolvedMethodsQuickFixTest)  Time elapsed: 0.163 s
testMethodInGenericType(org.eclipse.jdt.ls.core.internal.correction.UnresolvedMethodsQuickFixTest)  Time elapsed: 0.182 s
testMethodAssignedToWildcard2(org.eclipse.jdt.ls.core.internal.correction.UnresolvedMethodsQuickFixTest)  Time elapsed: 0.192 s
testParameterMismatchChangeFieldType(org.eclipse.jdt.ls.core.internal.correction.UnresolvedMethodsQuickFixTest)  Time elapsed: 0.186 s
testMethodSpacing2EmptyLines(org.eclipse.jdt.ls.core.internal.correction.UnresolvedMethodsQuickFixTest)  Time elapsed: 0.19 s
testClassInstanceCreationInGenericType(org.eclipse.jdt.ls.core.internal.correction.UnresolvedMethodsQuickFixTest)  Time elapsed: 0.164 s
testParameterMismatchLessArguments2(org.eclipse.jdt.ls.core.internal.correction.UnresolvedMethodsQuickFixTest)  Time elapsed: 0.164 s
testParameterMismatchLessArguments3(org.eclipse.jdt.ls.core.internal.correction.UnresolvedMethodsQuickFixTest)  Time elapsed: 0.182 s
testParameterMismatchChangeFieldTypeInGeneric(org.eclipse.jdt.ls.core.internal.correction.UnresolvedMethodsQuickFixTest)  Time elapsed: 0.196 s
testParameterMismatchMoreArguments2(org.eclipse.jdt.ls.core.internal.correction.UnresolvedMethodsQuickFixTest)  Time elapsed: 0.185 s
testParameterMismatchMoreArguments3(org.eclipse.jdt.ls.core.internal.correction.UnresolvedMethodsQuickFixTest)  Time elapsed: 0.179 s
testParameterMismatchMoreArguments4(org.eclipse.jdt.ls.core.internal.correction.UnresolvedMethodsQuickFixTest)  Time elapsed: 0.155 s
testConstructorInvocationLessArguments(org.eclipse.jdt.ls.core.internal.correction.UnresolvedMethodsQuickFixTest)  Time elapsed: 0.183 s
testMissingAnnotationAttribute1(org.eclipse.jdt.ls.core.internal.correction.UnresolvedMethodsQuickFixTest)  Time elapsed: 0.2 s
testMissingAnnotationAttribute2(org.eclipse.jdt.ls.core.internal.correction.UnresolvedMethodsQuickFixTest)  Time elapsed: 0.166 s
testSuperConstructorMoreArguments(org.eclipse.jdt.ls.core.internal.correction.UnresolvedMethodsQuickFixTest)  Time elapsed: 0.181 s
testParameterWithTypeVariable(org.eclipse.jdt.ls.core.internal.correction.UnresolvedMethodsQuickFixTest)  Time elapsed: 0.16 s
testParameterMismatchChangeVarType(org.eclipse.jdt.ls.core.internal.correction.UnresolvedMethodsQuickFixTest)  Time elapsed: 0.169 s
testSuperMethodLessArguments(org.eclipse.jdt.ls.core.internal.correction.UnresolvedMethodsQuickFixTest)  Time elapsed: 0.156 s
testParameterMismatchChangeVarTypeInGeneric(org.eclipse.jdt.ls.core.internal.correction.UnresolvedMethodsQuickFixTest)  Time elapsed: 0.17 s
testClassInstanceCreationLessArgumentsInGenericType(org.eclipse.jdt.ls.core.internal.correction.UnresolvedMethodsQuickFixTest)  Time elapsed: 0.193 s
testMethodInAnonymous1(org.eclipse.jdt.ls.core.internal.correction.UnresolvedMethodsQuickFixTest)  Time elapsed: 0.173 s
testMethodInAnonymous2(org.eclipse.jdt.ls.core.internal.correction.UnresolvedMethodsQuickFixTest)  Time elapsed: 0.146 s
testMethodInAnonymous3(org.eclipse.jdt.ls.core.internal.correction.UnresolvedMethodsQuickFixTest)  Time elapsed: 0.147 s
testMethodInAnonymous4(org.eclipse.jdt.ls.core.internal.correction.UnresolvedMethodsQuickFixTest)  Time elapsed: 0.137 s
testMethodAssignedToWildcard(org.eclipse.jdt.ls.core.internal.correction.UnresolvedMethodsQuickFixTest)  Time elapsed: 0.17 s
testStaticImportFavorite1(org.eclipse.jdt.ls.core.internal.correction.UnresolvedMethodsQuickFixTest)  Time elapsed: 0.176 s
testStaticImportFavorite2(org.eclipse.jdt.ls.core.internal.correction.UnresolvedMethodsQuickFixTest)  Time elapsed: 0.174 s
