-------------------------------------------------------------------------------
Test set: org.eclipse.jdt.ls.core.internal.correction.RedundantInterfaceQuickFixTest
-------------------------------------------------------------------------------
Tests run: 2, Failures: 0, Errors: 0, Skipped: 0, Time elapsed: 0.256 s - in org.eclipse.jdt.ls.core.internal.correction.RedundantInterfaceQuickFixTest
testRedundantSuperinterface(org.eclipse.jdt.ls.core.internal.correction.RedundantInterfaceQuickFixTest)  Time elapsed: 0.127 s
testIgnoreRedundantSuperinterface(org.eclipse.jdt.ls.core.internal.correction.RedundantInterfaceQuickFixTest)  Time elapsed: 0.129 s
