-------------------------------------------------------------------------------
Test set: org.eclipse.jdt.ls.core.internal.EnvironmentTest
-------------------------------------------------------------------------------
Tests run: 3, Failures: 0, Errors: 0, Skipped: 0, Time elapsed: 0 s - in org.eclipse.jdt.ls.core.internal.EnvironmentTest
testAll(org.eclipse.jdt.ls.core.internal.EnvironmentTest)  Time elapsed: 0 s
testProperty(org.eclipse.jdt.ls.core.internal.EnvironmentTest)  Time elapsed: 0 s
testEnvironmentVars(org.eclipse.jdt.ls.core.internal.EnvironmentTest)  Time elapsed: 0 s
