-------------------------------------------------------------------------------
Test set: org.eclipse.jdt.ls.core.internal.javadoc.JavadocContentTest
-------------------------------------------------------------------------------
Tests run: 3, Failures: 0, Errors: 0, Skipped: 0, Time elapsed: 0.556 s - in org.eclipse.jdt.ls.core.internal.javadoc.JavadocContentTest
testMethodJavadoc(org.eclipse.jdt.ls.core.internal.javadoc.JavadocContentTest)  Time elapsed: 0.194 s
testClassJavadoc(org.eclipse.jdt.ls.core.internal.javadoc.JavadocContentTest)  Time elapsed: 0.172 s
testFieldJavadoc(org.eclipse.jdt.ls.core.internal.javadoc.JavadocContentTest)  Time elapsed: 0.19 s
