-------------------------------------------------------------------------------
Test set: org.eclipse.jdt.ls.core.internal.correction.UnnecessaryCastQuickFixTest
-------------------------------------------------------------------------------
Tests run: 1, Failures: 0, Errors: 0, Skipped: 0, Time elapsed: 0.152 s - in org.eclipse.jdt.ls.core.internal.correction.UnnecessaryCastQuickFixTest
testUnnecessaryCast(org.eclipse.jdt.ls.core.internal.correction.UnnecessaryCastQuickFixTest)  Time elapsed: 0.152 s
