-------------------------------------------------------------------------------
Test set: org.eclipse.jdt.ls.core.internal.JSONUtilityTest
-------------------------------------------------------------------------------
Tests run: 4, Failures: 0, Errors: 0, Skipped: 0, Time elapsed: 0.003 s - in org.eclipse.jdt.ls.core.internal.JSONUtilityTest
testObjectToObject(org.eclipse.jdt.ls.core.internal.JSONUtilityTest)  Time elapsed: 0 s
testNullObject(org.eclipse.jdt.ls.core.internal.JSONUtilityTest)  Time elapsed: 0 s
testJsonElementToObject(org.eclipse.jdt.ls.core.internal.JSONUtilityTest)  Time elapsed: 0.003 s
testNullClass(org.eclipse.jdt.ls.core.internal.JSONUtilityTest)  Time elapsed: 0 s
