-------------------------------------------------------------------------------
Test set: org.eclipse.jdt.ls.core.internal.handlers.GenerateFinalModifiersActionTest
-------------------------------------------------------------------------------
Tests run: 1, Failures: 0, Errors: 0, Skipped: 0, Time elapsed: 0.147 s - in org.eclipse.jdt.ls.core.internal.handlers.GenerateFinalModifiersActionTest
testInsertFinalModifierWherePossible(org.eclipse.jdt.ls.core.internal.handlers.GenerateFinalModifiersActionTest)  Time elapsed: 0.146 s
