-------------------------------------------------------------------------------
Test set: org.eclipse.jdt.ls.core.internal.corext.template.java.JavaLanguageServerTemplateStoreTest
-------------------------------------------------------------------------------
Tests run: 1, Failures: 0, Errors: 0, Skipped: 0, Time elapsed: 0.017 s - in org.eclipse.jdt.ls.core.internal.corext.template.java.JavaLanguageServerTemplateStoreTest
testTemplateStoreContent(org.eclipse.jdt.ls.core.internal.corext.template.java.JavaLanguageServerTemplateStoreTest)  Time elapsed: 0.017 s
