-------------------------------------------------------------------------------
Test set: org.eclipse.jdt.ls.core.internal.handlers.DocumentHighlightHandlerTest
-------------------------------------------------------------------------------
Tests run: 1, Failures: 0, Errors: 0, Skipped: 0, Time elapsed: 0.378 s - in org.eclipse.jdt.ls.core.internal.handlers.DocumentHighlightHandlerTest
testDocumentHighlightHandler(org.eclipse.jdt.ls.core.internal.handlers.DocumentHighlightHandlerTest)  Time elapsed: 0.378 s
