-------------------------------------------------------------------------------
Test set: org.eclipse.jdt.ls.core.internal.javadoc.JavaDoc2PlainTextConverterTest
-------------------------------------------------------------------------------
Tests run: 3, Failures: 0, Errors: 0, Skipped: 0, Time elapsed: 0.004 s - in org.eclipse.jdt.ls.core.internal.javadoc.JavaDoc2PlainTextConverterTest
testBoundaries(org.eclipse.jdt.ls.core.internal.javadoc.JavaDoc2PlainTextConverterTest)  Time elapsed: 0 s
testGetAsReader(org.eclipse.jdt.ls.core.internal.javadoc.JavaDoc2PlainTextConverterTest)  Time elapsed: 0.002 s
testGetAsString(org.eclipse.jdt.ls.core.internal.javadoc.JavaDoc2PlainTextConverterTest)  Time elapsed: 0.002 s
