-------------------------------------------------------------------------------
Test set: org.eclipse.jdt.ls.core.internal.correction.AssignToVariableRefactorTest
-------------------------------------------------------------------------------
Tests run: 2, Failures: 0, Errors: 0, Skipped: 0, Time elapsed: 1.598 s - in org.eclipse.jdt.ls.core.internal.correction.AssignToVariableRefactorTest
testAssignStatementToField(org.eclipse.jdt.ls.core.internal.correction.AssignToVariableRefactorTest)  Time elapsed: 0.893 s
testAssignStatementToVariable(org.eclipse.jdt.ls.core.internal.correction.AssignToVariableRefactorTest)  Time elapsed: 0.705 s
