-------------------------------------------------------------------------------
Test set: org.eclipse.jdt.ls.core.internal.correction.LocalCorrectionQuickFixTest
-------------------------------------------------------------------------------
Tests run: 62, Failures: 0, Errors: 0, Skipped: 0, Time elapsed: 25.34 s - in org.eclipse.jdt.ls.core.internal.correction.LocalCorrectionQuickFixTest
testUnimplementedMethods(org.eclipse.jdt.ls.core.internal.correction.LocalCorrectionQuickFixTest)  Time elapsed: 0.149 s
testRemoveUnreachableCodeMultiStatementsSwitch(org.eclipse.jdt.ls.core.internal.correction.LocalCorrectionQuickFixTest)  Time elapsed: 0.083 s
testUnimplementedMethodsForEnum(org.eclipse.jdt.ls.core.internal.correction.LocalCorrectionQuickFixTest)  Time elapsed: 0.138 s
testUnusedParameter(org.eclipse.jdt.ls.core.internal.correction.LocalCorrectionQuickFixTest)  Time elapsed: 0.51 s
testUnusedPrivateFieldWithResourceOperationSupport(org.eclipse.jdt.ls.core.internal.correction.LocalCorrectionQuickFixTest)  Time elapsed: 0.555 s
testUncaughtException(org.eclipse.jdt.ls.core.internal.correction.LocalCorrectionQuickFixTest)  Time elapsed: 0.165 s
testRemoveDeadCodeConditional2(org.eclipse.jdt.ls.core.internal.correction.LocalCorrectionQuickFixTest)  Time elapsed: 0.587 s
testRemoveDeadCodeConditional3(org.eclipse.jdt.ls.core.internal.correction.LocalCorrectionQuickFixTest)  Time elapsed: 0.796 s
testRemoveDeadCodeMultiStatements(org.eclipse.jdt.ls.core.internal.correction.LocalCorrectionQuickFixTest)  Time elapsed: 0.693 s
testUnneededCatchBlockInInitializer(org.eclipse.jdt.ls.core.internal.correction.LocalCorrectionQuickFixTest)  Time elapsed: 0.133 s
testMultiCatchUncaughtExceptions2(org.eclipse.jdt.ls.core.internal.correction.LocalCorrectionQuickFixTest)  Time elapsed: 0.16 s
testUncaughtExceptionImportConflict(org.eclipse.jdt.ls.core.internal.correction.LocalCorrectionQuickFixTest)  Time elapsed: 0.145 s
testUnusedPrivateConstructor(org.eclipse.jdt.ls.core.internal.correction.LocalCorrectionQuickFixTest)  Time elapsed: 0.144 s
testRemoveDeadCodeIfThen2(org.eclipse.jdt.ls.core.internal.correction.LocalCorrectionQuickFixTest)  Time elapsed: 0.688 s
testRemoveDeadCodeIfThen3(org.eclipse.jdt.ls.core.internal.correction.LocalCorrectionQuickFixTest)  Time elapsed: 0.672 s
testRemoveDeadCodeIfThen4(org.eclipse.jdt.ls.core.internal.correction.LocalCorrectionQuickFixTest)  Time elapsed: 0.707 s
testRemoveDeadCodeIfThen5(org.eclipse.jdt.ls.core.internal.correction.LocalCorrectionQuickFixTest)  Time elapsed: 0.716 s
testUnusedLocalVariableWithKeepingAssignments(org.eclipse.jdt.ls.core.internal.correction.LocalCorrectionQuickFixTest)  Time elapsed: 0.675 s
testUnneededCatchBlockSingle(org.eclipse.jdt.ls.core.internal.correction.LocalCorrectionQuickFixTest)  Time elapsed: 0.145 s
testRemoveDeadCodeAfterIf10(org.eclipse.jdt.ls.core.internal.correction.LocalCorrectionQuickFixTest)  Time elapsed: 0.593 s
testRemoveDeadCodeAfterIf11(org.eclipse.jdt.ls.core.internal.correction.LocalCorrectionQuickFixTest)  Time elapsed: 0.755 s
testRemoveDeadCodeAfterIf12(org.eclipse.jdt.ls.core.internal.correction.LocalCorrectionQuickFixTest)  Time elapsed: 0.838 s
testRemoveDeadCodeAfterIf13(org.eclipse.jdt.ls.core.internal.correction.LocalCorrectionQuickFixTest)  Time elapsed: 0.765 s
testRemoveDeadCodeAfterIf2(org.eclipse.jdt.ls.core.internal.correction.LocalCorrectionQuickFixTest)  Time elapsed: 0.717 s
testRemoveDeadCodeAfterIf3(org.eclipse.jdt.ls.core.internal.correction.LocalCorrectionQuickFixTest)  Time elapsed: 0.753 s
testRemoveDeadCodeAfterIf4(org.eclipse.jdt.ls.core.internal.correction.LocalCorrectionQuickFixTest)  Time elapsed: 0.786 s
testRemoveDeadCodeAfterIf5(org.eclipse.jdt.ls.core.internal.correction.LocalCorrectionQuickFixTest)  Time elapsed: 0.757 s
testRemoveDeadCodeAfterIf6(org.eclipse.jdt.ls.core.internal.correction.LocalCorrectionQuickFixTest)  Time elapsed: 0.721 s
testRemoveDeadCodeAfterIf7(org.eclipse.jdt.ls.core.internal.correction.LocalCorrectionQuickFixTest)  Time elapsed: 0.715 s
testRemoveDeadCodeAfterIf8(org.eclipse.jdt.ls.core.internal.correction.LocalCorrectionQuickFixTest)  Time elapsed: 0.764 s
testRemoveDeadCodeAfterIf9(org.eclipse.jdt.ls.core.internal.correction.LocalCorrectionQuickFixTest)  Time elapsed: 0.761 s
testUncaughtExceptionOnSuper1(org.eclipse.jdt.ls.core.internal.correction.LocalCorrectionQuickFixTest)  Time elapsed: 0.158 s
testUncaughtExceptionOnSuper2(org.eclipse.jdt.ls.core.internal.correction.LocalCorrectionQuickFixTest)  Time elapsed: 0.151 s
testUncaughtExceptionOnSuper3(org.eclipse.jdt.ls.core.internal.correction.LocalCorrectionQuickFixTest)  Time elapsed: 0.139 s
testUncaughtExceptionOnSuper4(org.eclipse.jdt.ls.core.internal.correction.LocalCorrectionQuickFixTest)  Time elapsed: 0.131 s
testUncaughtExceptionOnSuper5(org.eclipse.jdt.ls.core.internal.correction.LocalCorrectionQuickFixTest)  Time elapsed: 0.13 s
testUncaughtExceptionOnSuper6(org.eclipse.jdt.ls.core.internal.correction.LocalCorrectionQuickFixTest)  Time elapsed: 0.125 s
testMultiCatchUncaughtExceptions(org.eclipse.jdt.ls.core.internal.correction.LocalCorrectionQuickFixTest)  Time elapsed: 0.156 s
testUncaughtExceptionToSurroundingTry(org.eclipse.jdt.ls.core.internal.correction.LocalCorrectionQuickFixTest)  Time elapsed: 0.182 s
testUnusedPrivateField(org.eclipse.jdt.ls.core.internal.correction.LocalCorrectionQuickFixTest)  Time elapsed: 0.423 s
testRemoveDeadCodeIfThenSwitch(org.eclipse.jdt.ls.core.internal.correction.LocalCorrectionQuickFixTest)  Time elapsed: 0.698 s
testUnusedMethod(org.eclipse.jdt.ls.core.internal.correction.LocalCorrectionQuickFixTest)  Time elapsed: 0.129 s
testUnusedPrivateField1(org.eclipse.jdt.ls.core.internal.correction.LocalCorrectionQuickFixTest)  Time elapsed: 0.425 s
testUnusedPrivateField2(org.eclipse.jdt.ls.core.internal.correction.LocalCorrectionQuickFixTest)  Time elapsed: 0.573 s
testUnusedTypeParameter(org.eclipse.jdt.ls.core.internal.correction.LocalCorrectionQuickFixTest)  Time elapsed: 0.135 s
testUnneededCatchBlockWithFinally(org.eclipse.jdt.ls.core.internal.correction.LocalCorrectionQuickFixTest)  Time elapsed: 0.158 s
testRemoveUnreachableCodeStmt2(org.eclipse.jdt.ls.core.internal.correction.LocalCorrectionQuickFixTest)  Time elapsed: 0.149 s
testRemoveUnreachableCodeWhile(org.eclipse.jdt.ls.core.internal.correction.LocalCorrectionQuickFixTest)  Time elapsed: 0.12 s
testRemoveDeadCodeAfterIf(org.eclipse.jdt.ls.core.internal.correction.LocalCorrectionQuickFixTest)  Time elapsed: 0.652 s
testUnneededCatchBlock(org.eclipse.jdt.ls.core.internal.correction.LocalCorrectionQuickFixTest)  Time elapsed: 0.136 s
testUncaughtExceptionRemoveMoreSpecific(org.eclipse.jdt.ls.core.internal.correction.LocalCorrectionQuickFixTest)  Time elapsed: 0.149 s
testUncaughtException2(org.eclipse.jdt.ls.core.internal.correction.LocalCorrectionQuickFixTest)  Time elapsed: 0.143 s
testUncaughtException3(org.eclipse.jdt.ls.core.internal.correction.LocalCorrectionQuickFixTest)  Time elapsed: 0.155 s
testUncaughtException4(org.eclipse.jdt.ls.core.internal.correction.LocalCorrectionQuickFixTest)  Time elapsed: 0.156 s
testUncaughtException5(org.eclipse.jdt.ls.core.internal.correction.LocalCorrectionQuickFixTest)  Time elapsed: 0.144 s
testMultipleUncaughtExceptions(org.eclipse.jdt.ls.core.internal.correction.LocalCorrectionQuickFixTest)  Time elapsed: 0.154 s
testUncaughtExceptionDuplicate(org.eclipse.jdt.ls.core.internal.correction.LocalCorrectionQuickFixTest)  Time elapsed: 0.145 s
testRemoveDeadCodeConditional(org.eclipse.jdt.ls.core.internal.correction.LocalCorrectionQuickFixTest)  Time elapsed: 0.652 s
testRemoveDeadCodeIfElse(org.eclipse.jdt.ls.core.internal.correction.LocalCorrectionQuickFixTest)  Time elapsed: 0.757 s
testRemoveDeadCodeIfThen(org.eclipse.jdt.ls.core.internal.correction.LocalCorrectionQuickFixTest)  Time elapsed: 0.643 s
testRemoveUnreachableCodeStmt(org.eclipse.jdt.ls.core.internal.correction.LocalCorrectionQuickFixTest)  Time elapsed: 0.148 s
testUnusedLocalVariable(org.eclipse.jdt.ls.core.internal.correction.LocalCorrectionQuickFixTest)  Time elapsed: 0.535 s
