-------------------------------------------------------------------------------
Test set: org.eclipse.jdt.ls.core.internal.handlers.FoldingRangeHandlerTest
-------------------------------------------------------------------------------
Tests run: 7, Failures: 0, Errors: 0, Skipped: 0, Time elapsed: 5.206 s - in org.eclipse.jdt.ls.core.internal.handlers.FoldingRangeHandlerTest
testTypes(org.eclipse.jdt.ls.core.internal.handlers.FoldingRangeHandlerTest)  Time elapsed: 0.94 s
testRegionFoldingRanges(org.eclipse.jdt.ls.core.internal.handlers.FoldingRangeHandlerTest)  Time elapsed: 0.7 s
testStaticBlockFoldingRange(org.eclipse.jdt.ls.core.internal.handlers.FoldingRangeHandlerTest)  Time elapsed: 0.702 s
testStatementFoldingRanges(org.eclipse.jdt.ls.core.internal.handlers.FoldingRangeHandlerTest)  Time elapsed: 0.709 s
testErrorTypes(org.eclipse.jdt.ls.core.internal.handlers.FoldingRangeHandlerTest)  Time elapsed: 0.729 s
testFoldingRanges(org.eclipse.jdt.ls.core.internal.handlers.FoldingRangeHandlerTest)  Time elapsed: 0.731 s
testInvalidInput(org.eclipse.jdt.ls.core.internal.handlers.FoldingRangeHandlerTest)  Time elapsed: 0.695 s
