-------------------------------------------------------------------------------
Test set: org.eclipse.jdt.ls.core.internal.handlers.WorkspaceEventHandlerTest
-------------------------------------------------------------------------------
Tests run: 3, Failures: 0, Errors: 0, Skipped: 0, Time elapsed: 1.625 s - in org.eclipse.jdt.ls.core.internal.handlers.WorkspaceEventHandlerTest
testChangeWorkingCopy(org.eclipse.jdt.ls.core.internal.handlers.WorkspaceEventHandlerTest)  Time elapsed: 0.287 s
testDeleteProjectFolder(org.eclipse.jdt.ls.core.internal.handlers.WorkspaceEventHandlerTest)  Time elapsed: 1.197 s
testDiscardStaleWorkingCopies(org.eclipse.jdt.ls.core.internal.handlers.WorkspaceEventHandlerTest)  Time elapsed: 0.141 s
