-------------------------------------------------------------------------------
Test set: org.eclipse.jdt.ls.core.internal.correction.VisibilityQuickFixTest
-------------------------------------------------------------------------------
Tests run: 2, Failures: 0, Errors: 0, Skipped: 0, Time elapsed: 0.372 s - in org.eclipse.jdt.ls.core.internal.correction.VisibilityQuickFixTest
testMethodReducesVisibility(org.eclipse.jdt.ls.core.internal.correction.VisibilityQuickFixTest)  Time elapsed: 0.226 s
testInheritedMethodReducesVisibilityAndOverridingNonVisibleMethod(org.eclipse.jdt.ls.core.internal.correction.VisibilityQuickFixTest)  Time elapsed: 0.145 s
