-------------------------------------------------------------------------------
Test set: org.eclipse.jdt.ls.core.internal.handlers.AdvancedOrganizeImportsHandlerTest
-------------------------------------------------------------------------------
Tests run: 4, Failures: 0, Errors: 0, Skipped: 0, Time elapsed: 6.041 s - in org.eclipse.jdt.ls.core.internal.handlers.AdvancedOrganizeImportsHandlerTest
testChooseImport(org.eclipse.jdt.ls.core.internal.handlers.AdvancedOrganizeImportsHandlerTest)  Time elapsed: 0.293 s
testStaticImports(org.eclipse.jdt.ls.core.internal.handlers.AdvancedOrganizeImportsHandlerTest)  Time elapsed: 0.734 s
testDuplicateStaticImports(org.eclipse.jdt.ls.core.internal.handlers.AdvancedOrganizeImportsHandlerTest)  Time elapsed: 1.996 s
testAmbiguousStaticImports(org.eclipse.jdt.ls.core.internal.handlers.AdvancedOrganizeImportsHandlerTest)  Time elapsed: 3.017 s
