-------------------------------------------------------------------------------
Test set: org.eclipse.jdt.ls.core.internal.ExecuteClientCommandTest
-------------------------------------------------------------------------------
Tests run: 7, Failures: 0, Errors: 0, Skipped: 0, Time elapsed: 0.031 s - in org.eclipse.jdt.ls.core.internal.ExecuteClientCommandTest
testExecuteClientCommandSomeArgsAndLongEnoughTimeout(org.eclipse.jdt.ls.core.internal.ExecuteClientCommandTest)  Time elapsed: 0.004 s
testExecuteClientCommandNoArgsAndLongEnoughTimeout(org.eclipse.jdt.ls.core.internal.ExecuteClientCommandTest)  Time elapsed: 0.002 s
testExecuteClientCommandNoArgs(org.eclipse.jdt.ls.core.internal.ExecuteClientCommandTest)  Time elapsed: 0.003 s
testExecuteClientCommandThrows(org.eclipse.jdt.ls.core.internal.ExecuteClientCommandTest)  Time elapsed: 0.003 s
testExecuteClientCommandThrowsAndLongEnoughTimeout(org.eclipse.jdt.ls.core.internal.ExecuteClientCommandTest)  Time elapsed: 0.003 s
testExecuteClientCommandSomeArgs(org.eclipse.jdt.ls.core.internal.ExecuteClientCommandTest)  Time elapsed: 0.002 s
testExecuteClientCommandTimesOut(org.eclipse.jdt.ls.core.internal.ExecuteClientCommandTest)  Time elapsed: 0.013 s
