-------------------------------------------------------------------------------
Test set: org.eclipse.jdt.ls.core.internal.refactoring.InlineMethodTest
-------------------------------------------------------------------------------
Tests run: 2, Failures: 0, Errors: 0, Skipped: 0, Time elapsed: 1.464 s - in org.eclipse.jdt.ls.core.internal.refactoring.InlineMethodTest
testInlineMethod_DeclarationSelected(org.eclipse.jdt.ls.core.internal.refactoring.InlineMethodTest)  Time elapsed: 0.774 s
testInlineMethod_InvocationSelected(org.eclipse.jdt.ls.core.internal.refactoring.InlineMethodTest)  Time elapsed: 0.69 s
