-------------------------------------------------------------------------------
Test set: org.eclipse.jdt.ls.core.internal.commands.DiagnosticsCommandTest
-------------------------------------------------------------------------------
Tests run: 2, Failures: 0, Errors: 0, Skipped: 0, Time elapsed: 0.297 s - in org.eclipse.jdt.ls.core.internal.commands.DiagnosticsCommandTest
testRefreshDiagnosticsWithReportSyntaxErrors(org.eclipse.jdt.ls.core.internal.commands.DiagnosticsCommandTest)  Time elapsed: 0.16 s
testRefreshDiagnosticsWithReportAllErrors(org.eclipse.jdt.ls.core.internal.commands.DiagnosticsCommandTest)  Time elapsed: 0.137 s
