-------------------------------------------------------------------------------
Test set: org.eclipse.jdt.ls.core.internal.preferences.PreferencesTest
-------------------------------------------------------------------------------
Tests run: 2, Failures: 0, Errors: 0, Skipped: 0, Time elapsed: 0.001 s - in org.eclipse.jdt.ls.core.internal.preferences.PreferencesTest
testSetImportOnDemandThreshold(org.eclipse.jdt.ls.core.internal.preferences.PreferencesTest)  Time elapsed: 0 s
testSetStaticImportOnDemandThreshold(org.eclipse.jdt.ls.core.internal.preferences.PreferencesTest)  Time elapsed: 0 s
