-------------------------------------------------------------------------------
Test set: org.eclipse.jdt.ls.core.internal.correction.MissingEnumQuickFixTest
-------------------------------------------------------------------------------
Tests run: 2, Failures: 0, Errors: 0, Skipped: 0, Time elapsed: 1.6 s - in org.eclipse.jdt.ls.core.internal.correction.MissingEnumQuickFixTest
testMissingEnumConstant(org.eclipse.jdt.ls.core.internal.correction.MissingEnumQuickFixTest)  Time elapsed: 0.758 s
testMissingEnumConstantDespiteDefault(org.eclipse.jdt.ls.core.internal.correction.MissingEnumQuickFixTest)  Time elapsed: 0.84 s
