-------------------------------------------------------------------------------
Test set: org.eclipse.jdt.ls.core.internal.handlers.DiagnosticHandlerTest
-------------------------------------------------------------------------------
Tests run: 6, Failures: 0, Errors: 0, Skipped: 0, Time elapsed: 0.923 s - in org.eclipse.jdt.ls.core.internal.handlers.DiagnosticHandlerTest
testMultipleLineRange(org.eclipse.jdt.ls.core.internal.handlers.DiagnosticHandlerTest)  Time elapsed: 0.116 s
testUnnecessary(org.eclipse.jdt.ls.core.internal.handlers.DiagnosticHandlerTest)  Time elapsed: 0.12 s
testTask(org.eclipse.jdt.ls.core.internal.handlers.DiagnosticHandlerTest)  Time elapsed: 0.12 s
testStaticReference(org.eclipse.jdt.ls.core.internal.handlers.DiagnosticHandlerTest)  Time elapsed: 0.349 s
testNotUsed(org.eclipse.jdt.ls.core.internal.handlers.DiagnosticHandlerTest)  Time elapsed: 0.112 s
testDeprecated(org.eclipse.jdt.ls.core.internal.handlers.DiagnosticHandlerTest)  Time elapsed: 0.106 s
