-------------------------------------------------------------------------------
Test set: org.eclipse.jdt.ls.core.internal.handlers.ImportNewProjectsTest
-------------------------------------------------------------------------------
Tests run: 3, Failures: 0, Errors: 0, Skipped: 0, Time elapsed: 3.152 s - in org.eclipse.jdt.ls.core.internal.handlers.ImportNewProjectsTest
testImportMixedProjects(org.eclipse.jdt.ls.core.internal.handlers.ImportNewProjectsTest)  Time elapsed: 0.851 s
testImportNewGradleProjects(org.eclipse.jdt.ls.core.internal.handlers.ImportNewProjectsTest)  Time elapsed: 1.306 s
testImportNewMavenProjects(org.eclipse.jdt.ls.core.internal.handlers.ImportNewProjectsTest)  Time elapsed: 0.995 s
