-------------------------------------------------------------------------------
Test set: org.eclipse.jdt.ls.core.internal.handlers.ClasspathUpdateHandlerTest
-------------------------------------------------------------------------------
Tests run: 4, Failures: 0, Errors: 0, Skipped: 0, Time elapsed: 3.477 s - in org.eclipse.jdt.ls.core.internal.handlers.ClasspathUpdateHandlerTest
testClasspathUpdateForInvisble(org.eclipse.jdt.ls.core.internal.handlers.ClasspathUpdateHandlerTest)  Time elapsed: 0.207 s
testClasspathUpdateForEclipse(org.eclipse.jdt.ls.core.internal.handlers.ClasspathUpdateHandlerTest)  Time elapsed: 0.123 s
testClasspathUpdateForMaven(org.eclipse.jdt.ls.core.internal.handlers.ClasspathUpdateHandlerTest)  Time elapsed: 1.357 s
testClasspathUpdateForGradle(org.eclipse.jdt.ls.core.internal.handlers.ClasspathUpdateHandlerTest)  Time elapsed: 1.788 s
