<?xml version="1.0" encoding="UTF-8"?>
<testsuite xmlns:xsi="http://www.w3.org/2001/XMLSchema-instance" xsi:noNamespaceSchemaLocation="https://maven.apache.org/surefire/maven-surefire-plugin/xsd/surefire-test-report.xsd" name="org.eclipse.jdt.ls.core.internal.handlers.MapFlattenerTest" time="0.002" tests="5" errors="0" skipped="0" failures="0">
  <properties>
[...]
</properties>
  <testcase name="testGetValue" classname="org.eclipse.jdt.ls.core.internal.handlers.MapFlattenerTest" time="0"/>
  <testcase name="testGetList" classname="org.eclipse.jdt.ls.core.internal.handlers.MapFlattenerTest" time="0.002"/>
  <testcase name="testGetBoolean" classname="org.eclipse.jdt.ls.core.internal.handlers.MapFlattenerTest" time="0"/>
  <testcase name="testGetInt" classname="org.eclipse.jdt.ls.core.internal.handlers.MapFlattenerTest" time="0"/>
  <testcase name="testGetString" classname="org.eclipse.jdt.ls.core.internal.handlers.MapFlattenerTest" time="0"/>
</testsuite>